<?xml version="1.0" encoding="UTF-8"?>
<!-- Generated by org.testng.reporters.JUnitXMLReporter -->
<testsuite ignored="0" hostname="Meghana-04Pers" failures="1" tests="5" name="Test" time="29.967" errors="0" timestamp="2026-04-03T21:44:11 IST">
  <testcase classname="testCases.TC001_AccountRegisterationTest" name="verify_Account_Registration_Page" time="2.399"/>
  <testcase classname="testCases.TC002_LoginTests" name="verify_login" time="1.222"/>
  <testcase classname="testCases.TC003_LoginDDT" name="verify_loginDDT" time="1.625"/>
  <testcase classname="testCases.TC003_LoginDDT" name="verify_loginDDT" time="2.082"/>
  <testcase classname="testCases.TC003_LoginDDT" name="verify_loginDDT" time="11.337">
    <failure type="java.lang.AssertionError" message="login failed expected [true] but found [false]">
      <![CDATA[java.lang.AssertionError: login failed expected [true] but found [false]
at testCases.TC003_LoginDDT.verify_loginDDT(TC003_LoginDDT.java:33)
at java.base/java.util.ArrayList.forEach(ArrayList.java:1596)
... Removed 31 stack frames]]>
    </failure>
  </testcase> <!-- verify_loginDDT -->
</testsuite> <!-- Test -->
