<?xml version="1.0" encoding="UTF-8"?>
<!-- Generated by org.testng.reporters.JUnitXMLReporter -->
<testsuite ignored="0" hostname="Meghana-04Pers" failures="1" tests="3" name="Test" time="20.151" errors="0" timestamp="2026-04-03T17:04:32 IST">
  <testcase classname="testCases.TC003_LoginDDT" name="verify_loginDDT" time="2.317"/>
  <testcase classname="testCases.TC003_LoginDDT" name="verify_loginDDT" time="1.831"/>
  <testcase classname="testCases.TC003_LoginDDT" name="verify_loginDDT" time="10.654">
    <failure type="java.lang.AssertionError" message="login failed expected [true] but found [false]">
      <![CDATA[java.lang.AssertionError: login failed expected [true] but found [false]
at testCases.TC003_LoginDDT.verify_loginDDT(TC003_LoginDDT.java:33)
at java.base/java.util.ArrayList.forEach(ArrayList.java:1596)
... Removed 31 stack frames]]>
    </failure>
  </testcase> <!-- verify_loginDDT -->
</testsuite> <!-- Test -->
