<?xml version="1.0" encoding="UTF-8"?>
<testng-results ignored="0" total="5" passed="4" failed="1" skipped="0">
  <reporter-output>
  </reporter-output>
  <suite started-at="2026-04-03T21:43:40 IST" name="Master Suite" finished-at="2026-04-03T21:44:09 IST" duration-ms="29967">
    <groups>
      <group name="datadriven">
        <method signature="TC003_LoginDDT.verify_loginDDT(java.lang.String,java.lang.String,java.lang.String)[pri:0, instance:testCases.TC003_LoginDDT@5bd82fed]" name="verify_loginDDT" class="testCases.TC003_LoginDDT"/>
      </group> <!-- datadriven -->
      <group name="Regression">
        <method signature="TC001_AccountRegisterationTest.verify_Account_Registration_Page()[pri:0, instance:testCases.TC001_AccountRegisterationTest@698122b2]" name="verify_Account_Registration_Page" class="testCases.TC001_AccountRegisterationTest"/>
      </group> <!-- Regression -->
      <group name="sanity">
        <method signature="TC002_LoginTests.verify_login()[pri:0, instance:testCases.TC002_LoginTests@3b2c0e88]" name="verify_login" class="testCases.TC002_LoginTests"/>
      </group> <!-- sanity -->
      <group name="master">
        <method signature="TC001_AccountRegisterationTest.verify_Account_Registration_Page()[pri:0, instance:testCases.TC001_AccountRegisterationTest@698122b2]" name="verify_Account_Registration_Page" class="testCases.TC001_AccountRegisterationTest"/>
        <method signature="TC002_LoginTests.verify_login()[pri:0, instance:testCases.TC002_LoginTests@3b2c0e88]" name="verify_login" class="testCases.TC002_LoginTests"/>
      </group> <!-- master -->
    </groups>
    <test started-at="2026-04-03T21:43:40 IST" name="Test" finished-at="2026-04-03T21:44:09 IST" duration-ms="29967">
      <class name="testCases.TC003_LoginDDT">
        <test-method is-config="true" signature="setup(java.lang.String,java.lang.String)[pri:0, instance:testCases.TC003_LoginDDT@5bd82fed]" started-at="2026-04-03T21:43:50 IST" name="setup" finished-at="2026-04-03T21:43:53 IST" duration-ms="2595" status="PASS">
          <params>
            <param index="0">
              <value>
                <![CDATA[Windows]]>
              </value>
            </param>
            <param index="1">
              <value>
                <![CDATA[Edge]]>
              </value>
            </param>
          </params>
          <reporter-output>
          </reporter-output>
        </test-method> <!-- setup -->
        <test-method signature="verify_loginDDT(java.lang.String,java.lang.String,java.lang.String)[pri:0, instance:testCases.TC003_LoginDDT@5bd82fed]" started-at="2026-04-03T21:43:54 IST" name="verify_loginDDT" data-provider="LoginData" finished-at="2026-04-03T21:43:56 IST" duration-ms="1625" status="PASS">
          <params>
            <param index="0">
              <value>
                <![CDATA[lifico2016@availors.com]]>
              </value>
            </param>
            <param index="1">
              <value>
                <![CDATA[Test@1234]]>
              </value>
            </param>
            <param index="2">
              <value>
                <![CDATA[valid]]>
              </value>
            </param>
          </params>
          <reporter-output>
          </reporter-output>
        </test-method> <!-- verify_loginDDT -->
        <test-method signature="verify_loginDDT(java.lang.String,java.lang.String,java.lang.String)[pri:0, instance:testCases.TC003_LoginDDT@5bd82fed]" started-at="2026-04-03T21:43:56 IST" name="verify_loginDDT" data-provider="LoginData" finished-at="2026-04-03T21:43:58 IST" duration-ms="2082" status="PASS">
          <params>
            <param index="0">
              <value>
                <![CDATA[meghana04062002@gmail.com]]>
              </value>
            </param>
            <param index="1">
              <value>
                <![CDATA[Bhaira@2025]]>
              </value>
            </param>
            <param index="2">
              <value>
                <![CDATA[valid]]>
              </value>
            </param>
          </params>
          <reporter-output>
          </reporter-output>
        </test-method> <!-- verify_loginDDT -->
        <test-method signature="verify_loginDDT(java.lang.String,java.lang.String,java.lang.String)[pri:0, instance:testCases.TC003_LoginDDT@5bd82fed]" started-at="2026-04-03T21:43:58 IST" name="verify_loginDDT" data-provider="LoginData" finished-at="2026-04-03T21:44:09 IST" duration-ms="11337" status="FAIL">
          <params>
            <param index="0">
              <value>
                <![CDATA[musoo@gmail.comm]]>
              </value>
            </param>
            <param index="1">
              <value>
                <![CDATA[Test@1234]]>
              </value>
            </param>
            <param index="2">
              <value>
                <![CDATA[invalid]]>
              </value>
            </param>
          </params>
          <exception class="java.lang.AssertionError">
            <message>
              <![CDATA[login failed expected [true] but found [false]]]>
            </message>
            <full-stacktrace>
              <![CDATA[java.lang.AssertionError: login failed expected [true] but found [false]
at org.testng.Assert.fail(Assert.java:111)
at org.testng.Assert.failNotEquals(Assert.java:1590)
at org.testng.Assert.assertEqualsImpl(Assert.java:150)
at org.testng.Assert.assertEquals(Assert.java:132)
at org.testng.Assert.assertEquals(Assert.java:1079)
at org.testng.Assert.assertEquals(Assert.java:1043)
at testCases.TC003_LoginDDT.verify_loginDDT(TC003_LoginDDT.java:33)
at java.base/jdk.internal.reflect.DirectMethodHandleAccessor.invoke(DirectMethodHandleAccessor.java:103)
at java.base/java.lang.reflect.Method.invoke(Method.java:580)
at org.testng.internal.invokers.MethodInvocationHelper.invokeMethod(MethodInvocationHelper.java:141)
at org.testng.internal.invokers.TestInvoker.invokeMethod(TestInvoker.java:697)
at org.testng.internal.invokers.TestInvoker.invokeTestMethod(TestInvoker.java:230)
at org.testng.internal.invokers.MethodRunner.runInSequence(MethodRunner.java:63)
at org.testng.internal.invokers.TestInvoker$MethodInvocationAgent.invoke(TestInvoker.java:1005)
at org.testng.internal.invokers.TestInvoker.invokeTestMethods(TestInvoker.java:203)
at org.testng.internal.invokers.TestMethodWorker.invokeTestMethods(TestMethodWorker.java:154)
at org.testng.internal.invokers.TestMethodWorker.run(TestMethodWorker.java:134)
at java.base/java.util.ArrayList.forEach(ArrayList.java:1596)
at org.testng.TestRunner.privateRun(TestRunner.java:744)
at org.testng.TestRunner.run(TestRunner.java:616)
at org.testng.SuiteRunner.runTest(SuiteRunner.java:421)
at org.testng.SuiteRunner.runSequentially(SuiteRunner.java:413)
at org.testng.SuiteRunner.privateRun(SuiteRunner.java:373)
at org.testng.SuiteRunner.run(SuiteRunner.java:312)
at org.testng.SuiteRunnerWorker.runSuite(SuiteRunnerWorker.java:52)
at org.testng.SuiteRunnerWorker.run(SuiteRunnerWorker.java:95)
at org.testng.TestNG.runSuitesSequentially(TestNG.java:1274)
at org.testng.TestNG.runSuitesLocally(TestNG.java:1208)
at org.testng.TestNG.runSuites(TestNG.java:1112)
at org.testng.TestNG.run(TestNG.java:1079)
at org.testng.remote.AbstractRemoteTestNG.run(AbstractRemoteTestNG.java:115)
at org.testng.remote.RemoteTestNG.initAndRun(RemoteTestNG.java:293)
at org.testng.remote.RemoteTestNG.main(RemoteTestNG.java:91)
]]>
            </full-stacktrace>
          </exception> <!-- java.lang.AssertionError -->
          <reporter-output>
          </reporter-output>
        </test-method> <!-- verify_loginDDT -->
        <test-method is-config="true" signature="tearDown()[pri:0, instance:testCases.TC003_LoginDDT@5bd82fed]" started-at="2026-04-03T21:44:09 IST" name="tearDown" finished-at="2026-04-03T21:44:09 IST" duration-ms="301" status="PASS">
          <reporter-output>
          </reporter-output>
        </test-method> <!-- tearDown -->
      </class> <!-- testCases.TC003_LoginDDT -->
      <class name="testCases.TC002_LoginTests">
        <test-method is-config="true" signature="setup(java.lang.String,java.lang.String)[pri:0, instance:testCases.TC002_LoginTests@3b2c0e88]" started-at="2026-04-03T21:43:46 IST" name="setup" finished-at="2026-04-03T21:43:48 IST" duration-ms="2420" status="PASS">
          <params>
            <param index="0">
              <value>
                <![CDATA[Windows]]>
              </value>
            </param>
            <param index="1">
              <value>
                <![CDATA[Edge]]>
              </value>
            </param>
          </params>
          <reporter-output>
          </reporter-output>
        </test-method> <!-- setup -->
        <test-method signature="verify_login()[pri:0, instance:testCases.TC002_LoginTests@3b2c0e88]" started-at="2026-04-03T21:43:48 IST" name="verify_login" finished-at="2026-04-03T21:43:50 IST" duration-ms="1222" status="PASS">
          <reporter-output>
          </reporter-output>
        </test-method> <!-- verify_login -->
        <test-method is-config="true" signature="tearDown()[pri:0, instance:testCases.TC002_LoginTests@3b2c0e88]" started-at="2026-04-03T21:43:50 IST" name="tearDown" finished-at="2026-04-03T21:43:50 IST" duration-ms="316" status="PASS">
          <reporter-output>
          </reporter-output>
        </test-method> <!-- tearDown -->
      </class> <!-- testCases.TC002_LoginTests -->
      <class name="testCases.TC001_AccountRegisterationTest">
        <test-method is-config="true" signature="setup(java.lang.String,java.lang.String)[pri:0, instance:testCases.TC001_AccountRegisterationTest@698122b2]" started-at="2026-04-03T21:43:40 IST" name="setup" finished-at="2026-04-03T21:43:43 IST" duration-ms="3320" status="PASS">
          <params>
            <param index="0">
              <value>
                <![CDATA[Windows]]>
              </value>
            </param>
            <param index="1">
              <value>
                <![CDATA[Edge]]>
              </value>
            </param>
          </params>
          <reporter-output>
          </reporter-output>
        </test-method> <!-- setup -->
        <test-method signature="verify_Account_Registration_Page()[pri:0, instance:testCases.TC001_AccountRegisterationTest@698122b2]" started-at="2026-04-03T21:43:43 IST" name="verify_Account_Registration_Page" finished-at="2026-04-03T21:43:45 IST" duration-ms="2399" status="PASS">
          <reporter-output>
          </reporter-output>
        </test-method> <!-- verify_Account_Registration_Page -->
        <test-method is-config="true" signature="tearDown()[pri:0, instance:testCases.TC001_AccountRegisterationTest@698122b2]" started-at="2026-04-03T21:43:45 IST" name="tearDown" finished-at="2026-04-03T21:43:46 IST" duration-ms="597" status="PASS">
          <reporter-output>
          </reporter-output>
        </test-method> <!-- tearDown -->
      </class> <!-- testCases.TC001_AccountRegisterationTest -->
    </test> <!-- Test -->
  </suite> <!-- Master Suite -->
</testng-results>
