<?xml version="1.0" encoding="UTF-8"?>
<testng-results ignored="0" total="1" passed="1" failed="0" skipped="0">
  <reporter-output>
  </reporter-output>
  <suite started-at="2026-04-01T12:43:45 IST" name="Default suite" finished-at="2026-04-01T12:43:48 IST" duration-ms="3613">
    <groups>
    </groups>
    <test started-at="2026-04-01T12:43:45 IST" name="Default test" finished-at="2026-04-01T12:43:48 IST" duration-ms="3613">
      <class name="testCases.TC001_AccountRegisterationTest">
        <test-method is-config="true" signature="setup()[pri:0, instance:testCases.TC001_AccountRegisterationTest@13d9b21f]" started-at="2026-04-01T12:43:45 IST" name="setup" finished-at="2026-04-01T12:43:47 IST" duration-ms="1849" status="PASS">
          <reporter-output>
          </reporter-output>
        </test-method> <!-- setup -->
        <test-method signature="verify_Account_Registration_Page()[pri:0, instance:testCases.TC001_AccountRegisterationTest@13d9b21f]" started-at="2026-04-01T12:43:47 IST" name="verify_Account_Registration_Page" finished-at="2026-04-01T12:43:48 IST" duration-ms="1600" status="PASS">
          <reporter-output>
          </reporter-output>
        </test-method> <!-- verify_Account_Registration_Page -->
        <test-method is-config="true" signature="tearDown()[pri:0, instance:testCases.TC001_AccountRegisterationTest@13d9b21f]" started-at="2026-04-01T12:43:48 IST" name="tearDown" finished-at="2026-04-01T12:43:48 IST" duration-ms="144" status="PASS">
          <reporter-output>
          </reporter-output>
        </test-method> <!-- tearDown -->
      </class> <!-- testCases.TC001_AccountRegisterationTest -->
    </test> <!-- Default test -->
  </suite> <!-- Default suite -->
</testng-results>
